android/build/outputs/logs/manifest-merger-debug-report.txt
-- Merging decision tree log ---
manifest
ADDED from CosmicBird\android\AndroidManifest.xml:2:1-31:12
	package
		ADDED from CosmicBird\android\AndroidManifest.xml:3:5-36
		INJECTED from CosmicBird\android\AndroidManifest.xml
		INJECTED from CosmicBird\android\AndroidManifest.xml
	android:versionName
		ADDED from CosmicBird\android\AndroidManifest.xml:5:5-33
		INJECTED from CosmicBird\android\AndroidManifest.xml
		INJECTED from CosmicBird\android\AndroidManifest.xml
	android:versionCode
		ADDED from CosmicBird\android\AndroidManifest.xml:4:5-29
		INJECTED from CosmicBird\android\AndroidManifest.xml
		INJECTED from CosmicBird\android\AndroidManifest.xml
	xmlns:android
		ADDED from CosmicBird\android\AndroidManifest.xml:2:11-69
uses-permission#android.permission.VIBRATE
ADDED from CosmicBird\android\AndroidManifest.xml:8:5-66
	android:name
		ADDED from CosmicBird\android\AndroidManifest.xml:8:22-63
uses-permission#android.permission.INTERNET
ADDED from CosmicBird\android\AndroidManifest.xml:9:5-66
MERGED from [com.google.android.gms:play-services-ads:8.3.0] AndroidManifest.xml:20:5-66
	android:name
		ADDED from CosmicBird\android\AndroidManifest.xml:9:22-64
uses-permission#android.permission.ACCESS_NETWORK_STATE
ADDED from CosmicBird\android\AndroidManifest.xml:10:5-78
MERGED from [com.google.android.gms:play-services-ads:8.3.0] AndroidManifest.xml:21:5-78
	android:name
		ADDED from CosmicBird\android\AndroidManifest.xml:10:22-76
uses-sdk
ADDED from CosmicBird\android\AndroidManifest.xml:12:5-73
MERGED from [com.google.android.gms:play-services-ads:8.3.0] AndroidManifest.xml:23:5-42
MERGED from [com.google.android.gms:play-services-basement:8.3.0] AndroidManifest.xml:18:5-42
MERGED from [com.android.support:support-v4:22.2.0] AndroidManifest.xml:20:5-43
	android:targetSdkVersion
		ADDED from CosmicBird\android\AndroidManifest.xml:12:41-70
		INJECTED from CosmicBird\android\AndroidManifest.xml
		INJECTED from CosmicBird\android\AndroidManifest.xml
	android:minSdkVersion
		ADDED from CosmicBird\android\AndroidManifest.xml:12:15-40
		INJECTED from CosmicBird\android\AndroidManifest.xml
		INJECTED from CosmicBird\android\AndroidManifest.xml
application
ADDED from CosmicBird\android\AndroidManifest.xml:14:5-29:19
MERGED from [com.google.android.gms:play-services-ads:8.3.0] AndroidManifest.xml:24:5-32:19
MERGED from [com.google.android.gms:play-services-basement:8.3.0] AndroidManifest.xml:20:5-24:19
MERGED from [com.android.support:support-v4:22.2.0] AndroidManifest.xml:22:5-20
	android:label
		ADDED from CosmicBird\android\AndroidManifest.xml:17:9-41
	android:allowBackup
		ADDED from CosmicBird\android\AndroidManifest.xml:15:9-35
	android:icon
		ADDED from CosmicBird\android\AndroidManifest.xml:16:9-45
	android:theme
		ADDED from CosmicBird\android\AndroidManifest.xml:18:9-40
activity#com.mygdx.game.AndroidLauncher
ADDED from CosmicBird\android\AndroidManifest.xml:19:9-28:20
	android:screenOrientation
		ADDED from CosmicBird\android\AndroidManifest.xml:22:13-49
	android:label
		ADDED from CosmicBird\android\AndroidManifest.xml:21:13-45
	android:configChanges
		ADDED from CosmicBird\android\AndroidManifest.xml:23:13-83
	android:name
		ADDED from CosmicBird\android\AndroidManifest.xml:20:13-58
intent-filter#android.intent.action.MAIN+android.intent.category.LAUNCHER
ADDED from CosmicBird\android\AndroidManifest.xml:24:13-27:29
action#android.intent.action.MAIN
ADDED from CosmicBird\android\AndroidManifest.xml:25:17-69
	android:name
		ADDED from CosmicBird\android\AndroidManifest.xml:25:25-66
category#android.intent.category.LAUNCHER
ADDED from CosmicBird\android\AndroidManifest.xml:26:17-77
	android:name
		ADDED from CosmicBird\android\AndroidManifest.xml:26:27-74
activity#com.google.android.gms.ads.AdActivity
ADDED from [com.google.android.gms:play-services-ads:8.3.0] AndroidManifest.xml:26:9-29:64
	android:configChanges
		ADDED from [com.google.android.gms:play-services-ads:8.3.0] AndroidManifest.xml:28:13-122
	android:theme
		ADDED from [com.google.android.gms:play-services-ads:8.3.0] AndroidManifest.xml:29:13-61
	android:name
		ADDED from [com.google.android.gms:play-services-ads:8.3.0] AndroidManifest.xml:27:13-65
activity#com.google.android.gms.ads.purchase.InAppPurchaseActivity
ADDED from [com.google.android.gms:play-services-ads:8.3.0] AndroidManifest.xml:30:9-31:52
	android:theme
		ADDED from [com.google.android.gms:play-services-ads:8.3.0] AndroidManifest.xml:31:13-50
	android:name
		ADDED from [com.google.android.gms:play-services-ads:8.3.0] AndroidManifest.xml:30:19-91
meta-data#com.google.android.gms.version
ADDED from [com.google.android.gms:play-services-basement:8.3.0] AndroidManifest.xml:21:9-23:69
	android:value
		ADDED from [com.google.android.gms:play-services-basement:8.3.0] AndroidManifest.xml:23:13-66
	android:name
		ADDED from [com.google.android.gms:play-services-basement:8.3.0] AndroidManifest.xml:22:13-58